<?xml version="1.0" encoding="UTF-8"?>
<testng-results skipped="0" failed="0" total="1" passed="1">
  <reporter-output>
  </reporter-output>
  <suite name="test.com.TruckTest" duration-ms="655" started-at="2020-02-13T18:02:27Z" finished-at="2020-02-13T18:02:28Z">
    <groups>
    </groups>
    <test name="Command line test" duration-ms="655" started-at="2020-02-13T18:02:27Z" finished-at="2020-02-13T18:02:28Z">
      <class name="test.com.TruckTest">
        <test-method status="PASS" signature="setUpClass()[pri:0, instance:test.com.TruckTest@5a39699c]" name="setUpClass" is-config="true" duration-ms="35" started-at="2020-02-13T12:02:27Z" finished-at="2020-02-13T12:02:27Z">
          <reporter-output>
          </reporter-output>
        </test-method> <!-- setUpClass -->
        <test-method status="PASS" signature="setUpMethod()[pri:0, instance:test.com.TruckTest@5a39699c]" name="setUpMethod" is-config="true" duration-ms="592" started-at="2020-02-13T12:02:27Z" finished-at="2020-02-13T12:02:28Z">
          <reporter-output>
          </reporter-output>
        </test-method> <!-- setUpMethod -->
        <test-method status="PASS" signature="hello()[pri:0, instance:test.com.TruckTest@5a39699c]" name="hello" duration-ms="7" started-at="2020-02-13T12:02:28Z" finished-at="2020-02-13T12:02:28Z">
          <reporter-output>
          </reporter-output>
        </test-method> <!-- hello -->
        <test-method status="PASS" signature="tearDownClass()[pri:0, instance:test.com.TruckTest@5a39699c]" name="tearDownClass" is-config="true" duration-ms="2" started-at="2020-02-13T12:02:28Z" finished-at="2020-02-13T12:02:28Z">
          <reporter-output>
          </reporter-output>
        </test-method> <!-- tearDownClass -->
        <test-method status="PASS" signature="tearDownMethod()[pri:0, instance:test.com.TruckTest@5a39699c]" name="tearDownMethod" is-config="true" duration-ms="0" started-at="2020-02-13T12:02:28Z" finished-at="2020-02-13T12:02:28Z">
          <reporter-output>
          </reporter-output>
        </test-method> <!-- tearDownMethod -->
      </class> <!-- test.com.TruckTest -->
    </test> <!-- Command line test -->
  </suite> <!-- test.com.TruckTest -->
</testng-results>
